[debug] [2023-10-07T06:16:27.834Z] ----------------------------------------------------------------------
[debug] [2023-10-07T06:16:27.837Z] Command:       C:\Program Files\nodejs\node.exe C:\Users\shrey\AppData\Roaming\npm\node_modules\firebase-tools\lib\bin\firebase.js projects:list
[debug] [2023-10-07T06:16:27.838Z] CLI Version:   12.6.2
[debug] [2023-10-07T06:16:27.838Z] Platform:      win32
[debug] [2023-10-07T06:16:27.838Z] Node Version:  v18.14.0
[debug] [2023-10-07T06:16:27.839Z] Time:          Sat Oct 07 2023 11:46:27 GMT+0530 (India Standard Time)
[debug] [2023-10-07T06:16:27.839Z] ----------------------------------------------------------------------
[debug] 
[debug] [2023-10-07T06:16:27.850Z] > command requires scopes: ["email","openid","https://www.googleapis.com/auth/cloudplatformprojects.readonly","https://www.googleapis.com/auth/firebase","https://www.googleapis.com/auth/cloud-platform"]
[debug] [2023-10-07T06:16:27.851Z] > authorizing via signed-in user (shreyasidebnath07@gmail.com)
[debug] [2023-10-07T06:16:27.857Z] > refreshing access token with scopes: []
[debug] [2023-10-07T06:16:27.859Z] >>> [apiv2][query] POST https://www.googleapis.com/oauth2/v3/token [none]
[debug] [2023-10-07T06:16:27.859Z] >>> [apiv2][body] POST https://www.googleapis.com/oauth2/v3/token [omitted]
[debug] [2023-10-07T06:16:28.149Z] <<< [apiv2][status] POST https://www.googleapis.com/oauth2/v3/token 400
[debug] [2023-10-07T06:16:28.150Z] <<< [apiv2][body] POST https://www.googleapis.com/oauth2/v3/token [omitted]
[debug] [2023-10-07T06:16:28.151Z] >>> [apiv2][query] GET https://firebase.googleapis.com/v1beta1/projects pageSize=1000
[debug] [2023-10-07T06:16:28.493Z] <<< [apiv2][status] GET https://firebase.googleapis.com/v1beta1/projects 401
[debug] [2023-10-07T06:16:28.493Z] <<< [apiv2][body] GET https://firebase.googleapis.com/v1beta1/projects [omitted]
[debug] [2023-10-07T06:16:28.494Z] HTTP Error: 401, Request had invalid authentication credentials. Expected OAuth 2 access token, login cookie or other valid authentication credential. See https://developers.google.com/identity/sign-in/web/devconsole-project.
[debug] [2023-10-07T06:16:28.839Z] FirebaseError: HTTP Error: 401, Request had invalid authentication credentials. Expected OAuth 2 access token, login cookie or other valid authentication credential. See https://developers.google.com/identity/sign-in/web/devconsole-project.
    at responseToError (C:\Users\shrey\AppData\Roaming\npm\node_modules\firebase-tools\lib\responseToError.js:49:12)
    at RetryOperation._fn (C:\Users\shrey\AppData\Roaming\npm\node_modules\firebase-tools\lib\apiv2.js:285:77)
    at process.processTicksAndRejections (node:internal/process/task_queues:95:5)
[error] 
[error] Error: Failed to list Firebase projects. See firebase-debug.log for more info.
